<?xml version="1.0" encoding="UTF-8"?>
<!-- Generated by org.testng.reporters.JUnitXMLReporter -->
<testsuite ignored="0" hostname="DESKTOP-UB6TGO0" failures="0" tests="8" name="Surefire test" time="19.217" errors="0" timestamp="2023-04-11T18:59:59 PDT">
  <testcase classname="basepackage.BaseTestSuite" name="@BeforeClass beforeClassBase" time="-1.681264799807E9">
    <failure type="org.testng.TestNGException" message="
Parameter &amp;apos;browser&amp;apos; is required by BeforeClass on method beforeClassBase but has not been marked @Optional or defined
">
      <![CDATA[org.testng.TestNGException: 
Parameter 'browser' is required by BeforeClass on method beforeClassBase but has not been marked @Optional or defined

at java.base/java.util.ArrayList.forEach(ArrayList.java:1511)
... Removed 27 stack frames]]>
    </failure>
  </testcase> <!-- @BeforeClass beforeClassBase -->
  <testcase classname="facebook.SeleniumGrid_Parallel_LoginTest" name="@BeforeClass beforeClass" time="0.0">
    <skipped/>
  </testcase> <!-- @BeforeClass beforeClass -->
  <testcase classname="facebook.SeleniumGrid_Parallel_LoginTest" name="@AfterClass afterClass" time="0.0">
    <skipped/>
  </testcase> <!-- @AfterClass afterClass -->
  <testcase classname="basepackage.BaseTestSuite" name="@AfterClass afterClassBase" time="0.0">
    <skipped/>
  </testcase> <!-- @AfterClass afterClassBase -->
  <testcase classname="basepackage.BaseTestSuite" name="@AfterTest afterTest" time="0.0">
    <skipped/>
  </testcase> <!-- @AfterTest afterTest -->
  <testcase classname="com.thaoorg.thaoproj.GroupingTest" name="test1" time="0.001"/>
  <testcase classname="com.thaoorg.thaoproj.GroupingTest" name="test2" time="0.0"/>
  <testcase classname="com.thaoorg.thaoproj.GroupingTest" name="test3" time="0.0"/>
  <testcase classname="com.thaoorg.thaoproj.GroupingTest" name="test4" time="0.0"/>
  <testcase classname="com.thaoorg.thaoproj.GroupingTest" name="test5" time="0.0"/>
  <testcase classname="facebook.LoginTest" name="TestLogin" time="2.924"/>
  <testcase classname="facebook.SeleniumGrid_LoginTest" name="TestLogin" time="3.273"/>
  <testcase classname="facebook.SeleniumGrid_Parallel_LoginTest" name="TestLogin" time="0.0">
    <skipped/>
  </testcase> <!-- TestLogin -->
</testsuite> <!-- Surefire test -->
