<?xml version="1.0" encoding="UTF-8"?>
<!-- Generated by org.testng.reporters.JUnitReportReporter -->
<testsuite hostname="DESKTOP-UB6TGO0" failures="0" tests="2" name="cucumber.runners.TestNG_Test" time="15.836" errors="1" timestamp="2023-04-16T18:33:59 PDT" skipped="0">
  <testcase classname="cucumber.runners.TestNG_Test" name="runScenario" time="4.911"/>
  <system-out/>
  <testcase classname="cucumber.runners.TestNG_Test" name="runScenario" time="10.925">
    <error message="Unable to find element with locator By.xpath: //div[@class=&#039;_9ay7&#039;]
For documentation on this error, please visit: https://selenium.dev/exceptions/#no_such_element
Build info: version: &#039;4.8.3&#039;, revision: &#039;e5e76298c3&#039;
System info: os.name: &#039;Windows 11&#039;, os.arch: &#039;amd64&#039;, os.version: &#039;10.0&#039;, java.version: &#039;18.0.2&#039;
Driver info: driver.version: RemoteWebDriver" type="org.openqa.selenium.NoSuchElementException">
      <![CDATA[org.openqa.selenium.NoSuchElementException: Unable to find element with locator By.xpath: //div[@class='_9ay7']
For documentation on this error, please visit: https://selenium.dev/exceptions/#no_such_element
Build info: version: '4.8.3', revision: 'e5e76298c3'
System info: os.name: 'Windows 11', os.arch: 'amd64', os.version: '10.0', java.version: '18.0.2'
Driver info: driver.version: RemoteWebDriver
at org.openqa.selenium.remote.ElementLocation$ElementFinder$2.findElement(ElementLocation.java:165)
at org.openqa.selenium.remote.ElementLocation.findElement(ElementLocation.java:60)
at org.openqa.selenium.remote.RemoteWebDriver.findElement(RemoteWebDriver.java:352)
at org.openqa.selenium.remote.RemoteWebDriver.findElement(RemoteWebDriver.java:344)
at org.openqa.selenium.support.pagefactory.DefaultElementLocator.findElement(DefaultElementLocator.java:70)
at org.openqa.selenium.support.pagefactory.internal.LocatingElementHandler.invoke(LocatingElementHandler.java:39)
at jdk.proxy2/jdk.proxy2.$Proxy31.getText(Unknown Source)
at pages.FaceBookLoginPageFactory.getIncorrectPasswordMessage(FaceBookLoginPageFactory.java:54)
at cucumber.stepdefinition.withtestng.LoginTestNG_Definition.user_should_be_able_to_see_error_message(LoginTestNG_Definition.java:55)
at ✽.User should be able to see error message "The password you’ve entered is incorrect. Forgot Password?"(file:///C:/THAO/SourceCode/example/thaoproj/src/test/resources/feature/loginTestNG.feature:21)
]]>
    </error>
  </testcase> <!-- runScenario -->
  <system-out/>
</testsuite> <!-- cucumber.runners.TestNG_Test -->
